2020-03-19 11:10:38,429 INFO com.d3z40.pessoa.PessoaApplication [main] Iniciando a API REST de cadastro de Pessoas
2020-03-19 11:10:39,252 INFO com.d3z40.pessoa.PessoaApplication [restartedMain] Iniciando a API REST de cadastro de Pessoas
2020-03-19 11:10:40,195 INFO org.springframework.boot.StartupInfoLogger [restartedMain] Starting PessoaApplication on d3z40-MundoLivre with PID 10964 (/home/d3z40/eclipse-workspace/Pessoa/target/classes started by d3z40 in /home/d3z40/eclipse-workspace/Pessoa)
2020-03-19 11:10:40,196 DEBUG org.springframework.boot.StartupInfoLogger [restartedMain] Running with Spring Boot v2.2.4.RELEASE, Spring v5.2.3.RELEASE
2020-03-19 11:10:40,197 INFO org.springframework.boot.SpringApplication [restartedMain] No active profile set, falling back to default profiles: default
2020-03-19 11:10:40,352 INFO org.springframework.boot.logging.DeferredLog [restartedMain] The Class-Path manifest attribute in /home/d3z40/.m2/repository/org/glassfish/jaxb/jaxb-runtime/2.3.2/jaxb-runtime-2.3.2.jar referenced one or more files that do not exist: file:/home/d3z40/.m2/repository/org/glassfish/jaxb/jaxb-runtime/2.3.2/jakarta.xml.bind-api-2.3.2.jar,file:/home/d3z40/.m2/repository/org/glassfish/jaxb/jaxb-runtime/2.3.2/txw2-2.3.2.jar,file:/home/d3z40/.m2/repository/org/glassfish/jaxb/jaxb-runtime/2.3.2/istack-commons-runtime-3.0.8.jar,file:/home/d3z40/.m2/repository/org/glassfish/jaxb/jaxb-runtime/2.3.2/stax-ex-1.8.1.jar,file:/home/d3z40/.m2/repository/org/glassfish/jaxb/jaxb-runtime/2.3.2/FastInfoset-1.2.16.jar,file:/home/d3z40/.m2/repository/org/glassfish/jaxb/jaxb-runtime/2.3.2/jakarta.activation-api-1.2.1.jar
2020-03-19 11:10:40,352 INFO org.springframework.boot.logging.DeferredLog [restartedMain] The Class-Path manifest attribute in /home/d3z40/.m2/repository/org/glassfish/hk2/hk2/2.6.1/hk2-2.6.1.jar referenced one or more files that do not exist: file:/home/d3z40/.m2/repository/org/glassfish/hk2/hk2/2.6.1/hk2-utils.jar,file:/home/d3z40/.m2/repository/org/glassfish/hk2/hk2/2.6.1/jakarta.annotation-api.jar,file:/home/d3z40/.m2/repository/org/glassfish/hk2/hk2/2.6.1/jakarta.inject.jar,file:/home/d3z40/.m2/repository/org/glassfish/hk2/hk2/2.6.1/hk2-api.jar,file:/home/d3z40/.m2/repository/org/glassfish/hk2/hk2/2.6.1/aopalliance-repackaged.jar,file:/home/d3z40/.m2/repository/org/glassfish/hk2/hk2/2.6.1/hk2-core.jar,file:/home/d3z40/.m2/repository/org/glassfish/hk2/hk2/2.6.1/hk2-locator.jar,file:/home/d3z40/.m2/repository/org/glassfish/hk2/hk2/2.6.1/javassist.jar,file:/home/d3z40/.m2/repository/org/glassfish/hk2/hk2/2.6.1/hk2-runlevel.jar,file:/home/d3z40/.m2/repository/org/glassfish/hk2/hk2/2.6.1/class-model.jar,file:/home/d3z40/.m2/repository/org/glassfish/hk2/hk2/2.6.1/asm.jar,file:/home/d3z40/.m2/repository/org/glassfish/hk2/hk2/2.6.1/asm-analysis.jar,file:/home/d3z40/.m2/repository/org/glassfish/hk2/hk2/2.6.1/asm-commons.jar,file:/home/d3z40/.m2/repository/org/glassfish/hk2/hk2/2.6.1/asm-tree.jar,file:/home/d3z40/.m2/repository/org/glassfish/hk2/hk2/2.6.1/asm-util.jar
2020-03-19 11:10:40,352 INFO org.springframework.boot.logging.DeferredLog [restartedMain] Devtools property defaults active! Set 'spring.devtools.add-properties' to 'false' to disable
2020-03-19 11:10:40,353 INFO org.springframework.boot.logging.DeferredLog [restartedMain] For additional web related logging consider setting the 'logging.level.web' property to 'DEBUG'
2020-03-19 11:10:42,123 INFO org.springframework.data.repository.config.RepositoryConfigurationDelegate [restartedMain] Bootstrapping Spring Data JPA repositories in DEFAULT mode.
2020-03-19 11:10:42,276 INFO org.springframework.data.repository.config.RepositoryConfigurationDelegate [restartedMain] Finished Spring Data repository scanning in 140ms. Found 1 JPA repository interfaces.
2020-03-19 11:10:42,699 INFO org.springframework.context.support.PostProcessorRegistrationDelegate$BeanPostProcessorChecker [restartedMain] Bean 'org.springframework.transaction.annotation.ProxyTransactionManagementConfiguration' of type [org.springframework.transaction.annotation.ProxyTransactionManagementConfiguration] is not eligible for getting processed by all BeanPostProcessors (for example: not eligible for auto-proxying)
2020-03-19 11:10:43,240 INFO org.springframework.boot.web.embedded.tomcat.TomcatWebServer [restartedMain] Tomcat initialized with port(s): 8080 (http)
2020-03-19 11:10:43,250 INFO org.apache.juli.logging.DirectJDKLog [restartedMain] Initializing ProtocolHandler ["http-nio-8080"]
2020-03-19 11:10:43,251 INFO org.apache.juli.logging.DirectJDKLog [restartedMain] Starting service [Tomcat]
2020-03-19 11:10:43,251 INFO org.apache.juli.logging.DirectJDKLog [restartedMain] Starting Servlet engine: [Apache Tomcat/9.0.30]
2020-03-19 11:10:43,357 INFO org.apache.juli.logging.DirectJDKLog [restartedMain] Initializing Spring embedded WebApplicationContext
2020-03-19 11:10:43,357 INFO org.springframework.boot.web.servlet.context.ServletWebServerApplicationContext [restartedMain] Root WebApplicationContext: initialization completed in 3004 ms
2020-03-19 11:10:43,471 INFO com.zaxxer.hikari.HikariDataSource [restartedMain] HikariPool-1 - Starting...
2020-03-19 11:10:44,068 INFO com.zaxxer.hikari.HikariDataSource [restartedMain] HikariPool-1 - Start completed.
2020-03-19 11:10:44,077 INFO org.springframework.boot.autoconfigure.h2.H2ConsoleAutoConfiguration [restartedMain] H2 console available at '/home/d3z40/opt/h2'. Database available at 'jdbc:h2:file:/home/d3z40/opt/h2/data/pessoas'
2020-03-19 11:10:44,804 INFO org.hibernate.jpa.internal.util.LogHelper [restartedMain] HHH000204: Processing PersistenceUnitInfo [name: default]
2020-03-19 11:10:44,919 INFO org.hibernate.Version [restartedMain] HHH000412: Hibernate Core {5.4.10.Final}
2020-03-19 11:10:45,173 INFO org.hibernate.annotations.common.reflection.java.JavaReflectionManager [restartedMain] HCANN000001: Hibernate Commons Annotations {5.1.0.Final}
2020-03-19 11:10:45,348 INFO org.hibernate.dialect.Dialect [restartedMain] HHH000400: Using dialect: org.hibernate.dialect.H2Dialect
2020-03-19 11:10:46,211 INFO org.hibernate.engine.transaction.jta.platform.internal.JtaPlatformInitiator [restartedMain] HHH000490: Using JtaPlatform implementation: [org.hibernate.engine.transaction.jta.platform.internal.NoJtaPlatform]
2020-03-19 11:10:46,217 INFO org.springframework.orm.jpa.AbstractEntityManagerFactoryBean [restartedMain] Initialized JPA EntityManagerFactory for persistence unit 'default'
2020-03-19 11:10:46,236 INFO org.springframework.boot.devtools.autoconfigure.OptionalLiveReloadServer [restartedMain] LiveReload server is running on port 35729
2020-03-19 11:10:46,867 WARN org.springframework.boot.autoconfigure.orm.jpa.JpaBaseConfiguration$JpaWebConfiguration [restartedMain] spring.jpa.open-in-view is enabled by default. Therefore, database queries may be performed during view rendering. Explicitly configure spring.jpa.open-in-view to disable this warning
2020-03-19 11:10:47,054 INFO springfox.documentation.spring.web.PropertySourcedRequestMappingHandlerMapping [restartedMain] Mapped URL path [/v2/api-docs] onto method [springfox.documentation.swagger2.web.Swagger2Controller#getDocumentation(String, HttpServletRequest)]
2020-03-19 11:10:47,196 INFO org.springframework.scheduling.concurrent.ExecutorConfigurationSupport [restartedMain] Initializing ExecutorService 'applicationTaskExecutor'
2020-03-19 11:10:47,409 INFO springfox.documentation.spring.web.plugins.DocumentationPluginsBootstrapper [restartedMain] Context refreshed
2020-03-19 11:10:47,446 INFO springfox.documentation.spring.web.plugins.DocumentationPluginsBootstrapper [restartedMain] Found 1 custom documentation plugin(s)
2020-03-19 11:10:47,489 INFO springfox.documentation.spring.web.scanners.ApiListingReferenceScanner [restartedMain] Scanning for api listing references
2020-03-19 11:10:47,679 INFO org.apache.juli.logging.DirectJDKLog [restartedMain] Starting ProtocolHandler ["http-nio-8080"]
2020-03-19 11:10:47,698 INFO org.springframework.boot.web.embedded.tomcat.TomcatWebServer [restartedMain] Tomcat started on port(s): 8080 (http) with context path ''
2020-03-19 11:10:47,702 INFO org.springframework.boot.StartupInfoLogger [restartedMain] Started PessoaApplication in 8.437 seconds (JVM running for 11.523)
2020-03-19 11:10:47,705 INFO com.d3z40.pessoa.PessoaApplication [restartedMain] Finalizando a API REST de cadastro de Pessoas
2020-03-19 11:20:19,890 INFO org.apache.juli.logging.DirectJDKLog [http-nio-8080-exec-1] Initializing Spring DispatcherServlet 'dispatcherServlet'
2020-03-19 11:20:19,890 INFO org.springframework.web.servlet.FrameworkServlet [http-nio-8080-exec-1] Initializing Servlet 'dispatcherServlet'
2020-03-19 11:20:19,900 INFO org.springframework.web.servlet.FrameworkServlet [http-nio-8080-exec-1] Completed initialization in 9 ms
2020-03-19 11:20:27,717 INFO com.d3z40.pessoa.controllers.PessoaController [http-nio-8080-exec-3] Retornando todas as pessoas
2020-03-19 11:21:01,272 INFO com.d3z40.pessoa.controllers.PessoaController [http-nio-8080-exec-5] Retornando todas as pessoas
2020-03-19 11:21:01,273 INFO com.d3z40.pessoa.controllers.PessoaController [http-nio-8080-exec-6] Retornando todas as pessoas
2020-03-19 11:21:01,436 INFO com.d3z40.pessoa.controllers.PessoaController [http-nio-8080-exec-7] Retornando todas as pessoas
2020-03-19 11:21:03,938 INFO com.d3z40.pessoa.controllers.PessoaController [http-nio-8080-exec-8] Deletando pessoa pelo id: 26
2020-03-19 11:21:03,988 INFO com.d3z40.pessoa.controllers.PessoaController [http-nio-8080-exec-9] Retornando todas as pessoas
2020-03-19 11:21:11,165 INFO com.d3z40.pessoa.controllers.PessoaController [http-nio-8080-exec-10] Deletando pessoa pelo id: 27
2020-03-19 11:21:11,172 INFO com.d3z40.pessoa.controllers.PessoaController [http-nio-8080-exec-1] Retornando todas as pessoas
2020-03-19 11:22:16,955 INFO com.d3z40.pessoa.controllers.PessoaController [http-nio-8080-exec-3] Retornando todas as pessoas
2020-03-19 11:22:19,911 INFO com.d3z40.pessoa.controllers.PessoaController [http-nio-8080-exec-4] Retornando todas as pessoas
2020-03-19 11:23:49,431 INFO com.d3z40.pessoa.controllers.PessoaController [http-nio-8080-exec-6] Retornando todas as pessoas
2020-03-19 11:29:02,783 INFO com.d3z40.pessoa.controllers.PessoaController [http-nio-8080-exec-8] Retornando todas as pessoas
2020-03-19 11:29:05,667 INFO com.d3z40.pessoa.controllers.PessoaController [http-nio-8080-exec-9] Retornando pessoa pelo id: 39
2020-03-19 11:29:13,253 INFO com.d3z40.pessoa.controllers.PessoaController [http-nio-8080-exec-10] Cadastrando uma pessoa Andrézão
2020-03-19 11:29:13,285 INFO com.d3z40.pessoa.controllers.PessoaController [http-nio-8080-exec-1] Retornando todas as pessoas
2020-03-19 11:29:18,781 INFO com.d3z40.pessoa.controllers.PessoaController [http-nio-8080-exec-2] Retornando pessoa pelo id: 39
2020-03-19 11:29:37,195 INFO com.d3z40.pessoa.controllers.PessoaController [http-nio-8080-exec-3] Cadastrando uma pessoa Dezão
2020-03-19 11:29:37,204 INFO com.d3z40.pessoa.controllers.PessoaController [http-nio-8080-exec-4] Retornando todas as pessoas
2020-03-19 11:29:40,736 INFO com.d3z40.pessoa.controllers.PessoaController [http-nio-8080-exec-5] Retornando pessoa pelo id: 39
2020-03-19 11:30:01,649 INFO com.d3z40.pessoa.controllers.PessoaController [http-nio-8080-exec-6] Cadastrando uma pessoa André de Andrade Pereira
2020-03-19 11:30:01,658 INFO com.d3z40.pessoa.controllers.PessoaController [http-nio-8080-exec-7] Retornando todas as pessoas
2020-03-19 11:31:34,967 INFO com.d3z40.pessoa.controllers.PessoaController [http-nio-8080-exec-10] Retornando todas as pessoas
2020-03-19 11:31:37,202 INFO com.d3z40.pessoa.controllers.PessoaController [http-nio-8080-exec-1] Retornando pessoa pelo id: 39
2020-03-19 11:31:48,594 INFO com.d3z40.pessoa.controllers.PessoaController [http-nio-8080-exec-2] Cadastrando uma pessoa Andrézão
2020-03-19 11:31:48,600 INFO com.d3z40.pessoa.controllers.PessoaController [http-nio-8080-exec-3] Retornando todas as pessoas
2020-03-19 11:31:51,546 INFO com.d3z40.pessoa.controllers.PessoaController [http-nio-8080-exec-4] Retornando pessoa pelo id: 39
2020-03-19 11:31:56,716 INFO com.d3z40.pessoa.controllers.PessoaController [http-nio-8080-exec-5] Cadastrando uma pessoa Dezão
2020-03-19 11:31:56,723 INFO com.d3z40.pessoa.controllers.PessoaController [http-nio-8080-exec-6] Retornando todas as pessoas
2020-03-19 11:31:58,444 INFO com.d3z40.pessoa.controllers.PessoaController [http-nio-8080-exec-7] Retornando pessoa pelo id: 39
2020-03-19 11:32:03,782 INFO com.d3z40.pessoa.controllers.PessoaController [http-nio-8080-exec-8] Cadastrando uma pessoa d3z40
2020-03-19 11:32:03,789 INFO com.d3z40.pessoa.controllers.PessoaController [http-nio-8080-exec-9] Retornando todas as pessoas
2020-03-19 11:32:06,621 INFO com.d3z40.pessoa.controllers.PessoaController [http-nio-8080-exec-10] Retornando pessoa pelo id: 39
2020-03-19 11:32:10,919 INFO com.d3z40.pessoa.controllers.PessoaController [http-nio-8080-exec-1] Cadastrando uma pessoa D3z40
2020-03-19 11:32:10,930 INFO com.d3z40.pessoa.controllers.PessoaController [http-nio-8080-exec-2] Retornando todas as pessoas
2020-03-19 11:32:12,986 INFO com.d3z40.pessoa.controllers.PessoaController [http-nio-8080-exec-3] Retornando pessoa pelo id: 39
2020-03-19 11:32:16,309 INFO com.d3z40.pessoa.controllers.PessoaController [http-nio-8080-exec-4] Cadastrando uma pessoa d3z40
2020-03-19 11:32:16,317 INFO com.d3z40.pessoa.controllers.PessoaController [http-nio-8080-exec-5] Retornando todas as pessoas
2020-03-19 11:37:45,796 INFO com.d3z40.pessoa.controllers.PessoaController [http-nio-8080-exec-8] Retornando pessoa pelo id: 36
2020-03-19 11:37:53,167 INFO com.d3z40.pessoa.controllers.PessoaController [http-nio-8080-exec-9] Cadastrando uma pessoa Janaina Barros da Costa Pereira
2020-03-19 11:37:53,175 INFO com.d3z40.pessoa.controllers.PessoaController [http-nio-8080-exec-10] Retornando todas as pessoas
2020-03-19 12:59:50,605 INFO org.springframework.scheduling.concurrent.ExecutorConfigurationSupport [SpringContextShutdownHook] Shutting down ExecutorService 'applicationTaskExecutor'
2020-03-19 12:59:50,608 INFO org.springframework.orm.jpa.AbstractEntityManagerFactoryBean [SpringContextShutdownHook] Closing JPA EntityManagerFactory for persistence unit 'default'
2020-03-19 12:59:50,613 INFO com.zaxxer.hikari.HikariDataSource [SpringContextShutdownHook] HikariPool-1 - Shutdown initiated...
2020-03-19 12:59:50,616 INFO com.zaxxer.hikari.HikariDataSource [SpringContextShutdownHook] HikariPool-1 - Shutdown completed.
2020-03-19 20:01:36,891 INFO com.d3z40.pessoa.PessoaApplication [main] Iniciando a API REST de cadastro de Pessoas
2020-03-19 20:01:37,440 INFO com.d3z40.pessoa.PessoaApplication [restartedMain] Iniciando a API REST de cadastro de Pessoas
2020-03-19 20:01:39,057 INFO org.springframework.boot.StartupInfoLogger [restartedMain] Starting PessoaApplication on d3z40-MundoLivre with PID 28633 (/home/d3z40/eclipse-workspace/Pessoa/target/classes started by d3z40 in /home/d3z40/eclipse-workspace/Pessoa)
2020-03-19 20:01:39,058 DEBUG org.springframework.boot.StartupInfoLogger [restartedMain] Running with Spring Boot v2.2.4.RELEASE, Spring v5.2.3.RELEASE
2020-03-19 20:01:39,063 INFO org.springframework.boot.SpringApplication [restartedMain] No active profile set, falling back to default profiles: default
2020-03-19 20:01:39,276 INFO org.springframework.boot.logging.DeferredLog [restartedMain] The Class-Path manifest attribute in /home/d3z40/.m2/repository/org/glassfish/jaxb/jaxb-runtime/2.3.2/jaxb-runtime-2.3.2.jar referenced one or more files that do not exist: file:/home/d3z40/.m2/repository/org/glassfish/jaxb/jaxb-runtime/2.3.2/jakarta.xml.bind-api-2.3.2.jar,file:/home/d3z40/.m2/repository/org/glassfish/jaxb/jaxb-runtime/2.3.2/txw2-2.3.2.jar,file:/home/d3z40/.m2/repository/org/glassfish/jaxb/jaxb-runtime/2.3.2/istack-commons-runtime-3.0.8.jar,file:/home/d3z40/.m2/repository/org/glassfish/jaxb/jaxb-runtime/2.3.2/stax-ex-1.8.1.jar,file:/home/d3z40/.m2/repository/org/glassfish/jaxb/jaxb-runtime/2.3.2/FastInfoset-1.2.16.jar,file:/home/d3z40/.m2/repository/org/glassfish/jaxb/jaxb-runtime/2.3.2/jakarta.activation-api-1.2.1.jar
2020-03-19 20:01:39,277 INFO org.springframework.boot.logging.DeferredLog [restartedMain] The Class-Path manifest attribute in /home/d3z40/.m2/repository/org/glassfish/hk2/hk2/2.6.1/hk2-2.6.1.jar referenced one or more files that do not exist: file:/home/d3z40/.m2/repository/org/glassfish/hk2/hk2/2.6.1/hk2-utils.jar,file:/home/d3z40/.m2/repository/org/glassfish/hk2/hk2/2.6.1/jakarta.annotation-api.jar,file:/home/d3z40/.m2/repository/org/glassfish/hk2/hk2/2.6.1/jakarta.inject.jar,file:/home/d3z40/.m2/repository/org/glassfish/hk2/hk2/2.6.1/hk2-api.jar,file:/home/d3z40/.m2/repository/org/glassfish/hk2/hk2/2.6.1/aopalliance-repackaged.jar,file:/home/d3z40/.m2/repository/org/glassfish/hk2/hk2/2.6.1/hk2-core.jar,file:/home/d3z40/.m2/repository/org/glassfish/hk2/hk2/2.6.1/hk2-locator.jar,file:/home/d3z40/.m2/repository/org/glassfish/hk2/hk2/2.6.1/javassist.jar,file:/home/d3z40/.m2/repository/org/glassfish/hk2/hk2/2.6.1/hk2-runlevel.jar,file:/home/d3z40/.m2/repository/org/glassfish/hk2/hk2/2.6.1/class-model.jar,file:/home/d3z40/.m2/repository/org/glassfish/hk2/hk2/2.6.1/asm.jar,file:/home/d3z40/.m2/repository/org/glassfish/hk2/hk2/2.6.1/asm-analysis.jar,file:/home/d3z40/.m2/repository/org/glassfish/hk2/hk2/2.6.1/asm-commons.jar,file:/home/d3z40/.m2/repository/org/glassfish/hk2/hk2/2.6.1/asm-tree.jar,file:/home/d3z40/.m2/repository/org/glassfish/hk2/hk2/2.6.1/asm-util.jar
2020-03-19 20:01:39,277 INFO org.springframework.boot.logging.DeferredLog [restartedMain] Devtools property defaults active! Set 'spring.devtools.add-properties' to 'false' to disable
2020-03-19 20:01:39,278 INFO org.springframework.boot.logging.DeferredLog [restartedMain] For additional web related logging consider setting the 'logging.level.web' property to 'DEBUG'
2020-03-19 20:02:04,285 INFO org.springframework.test.context.support.AbstractTestContextBootstrapper [main] Neither @ContextConfiguration nor @ContextHierarchy found for test class [com.d3z40.pessoa.PessoaApplicationTests], using SpringBootContextLoader
2020-03-19 20:02:04,299 INFO org.springframework.test.context.support.AbstractContextLoader [main] Could not detect default resource locations for test class [com.d3z40.pessoa.PessoaApplicationTests]: no resource found for suffixes {-context.xml, Context.groovy}.
2020-03-19 20:02:04,303 INFO org.springframework.test.context.support.AnnotationConfigContextLoaderUtils [main] Could not detect default configuration classes for test class [com.d3z40.pessoa.PessoaApplicationTests]: PessoaApplicationTests does not declare any static, non-private, non-final, nested classes annotated with @Configuration.
2020-03-19 20:02:04,750 INFO org.springframework.boot.test.context.SpringBootTestContextBootstrapper [main] Found @SpringBootConfiguration com.d3z40.pessoa.PessoaApplication for test class com.d3z40.pessoa.PessoaApplicationTests
2020-03-19 20:02:05,090 INFO org.springframework.test.context.support.AbstractTestContextBootstrapper [main] Loaded default TestExecutionListener class names from location [META-INF/spring.factories]: [org.springframework.boot.test.mock.mockito.MockitoTestExecutionListener, org.springframework.boot.test.mock.mockito.ResetMocksTestExecutionListener, org.springframework.boot.test.autoconfigure.restdocs.RestDocsTestExecutionListener, org.springframework.boot.test.autoconfigure.web.client.MockRestServiceServerResetTestExecutionListener, org.springframework.boot.test.autoconfigure.web.servlet.MockMvcPrintOnlyOnFailureTestExecutionListener, org.springframework.boot.test.autoconfigure.web.servlet.WebDriverTestExecutionListener, org.springframework.test.context.web.ServletTestExecutionListener, org.springframework.test.context.support.DirtiesContextBeforeModesTestExecutionListener, org.springframework.test.context.support.DependencyInjectionTestExecutionListener, org.springframework.test.context.support.DirtiesContextTestExecutionListener, org.springframework.test.context.transaction.TransactionalTestExecutionListener, org.springframework.test.context.jdbc.SqlScriptsTestExecutionListener, org.springframework.test.context.event.EventPublishingTestExecutionListener]
2020-03-19 20:02:05,128 INFO org.springframework.test.context.support.AbstractTestContextBootstrapper [main] Using TestExecutionListeners: [org.springframework.test.context.web.ServletTestExecutionListener@7dfb0c0f, org.springframework.test.context.support.DirtiesContextBeforeModesTestExecutionListener@626abbd0, org.springframework.boot.test.mock.mockito.MockitoTestExecutionListener@169bb4dd, org.springframework.boot.test.autoconfigure.SpringBootDependencyInjectionTestExecutionListener@1f9e9475, org.springframework.test.context.support.DirtiesContextTestExecutionListener@3aa078fd, org.springframework.test.context.transaction.TransactionalTestExecutionListener@d23e042, org.springframework.test.context.jdbc.SqlScriptsTestExecutionListener@46d59067, org.springframework.test.context.event.EventPublishingTestExecutionListener@2d0399f4, org.springframework.boot.test.mock.mockito.ResetMocksTestExecutionListener@14dd7b39, org.springframework.boot.test.autoconfigure.restdocs.RestDocsTestExecutionListener@66ea810, org.springframework.boot.test.autoconfigure.web.client.MockRestServiceServerResetTestExecutionListener@6cd24612, org.springframework.boot.test.autoconfigure.web.servlet.MockMvcPrintOnlyOnFailureTestExecutionListener@5dafbe45, org.springframework.boot.test.autoconfigure.web.servlet.WebDriverTestExecutionListener@2254127a]
2020-03-19 20:02:06,785 INFO org.springframework.boot.StartupInfoLogger [main] Starting PessoaApplicationTests on d3z40-MundoLivre with PID 28836 (started by d3z40 in /home/d3z40/eclipse-workspace/Pessoa)
2020-03-19 20:02:06,789 DEBUG org.springframework.boot.StartupInfoLogger [main] Running with Spring Boot v2.2.4.RELEASE, Spring v5.2.3.RELEASE
2020-03-19 20:02:06,800 INFO org.springframework.boot.SpringApplication [main] No active profile set, falling back to default profiles: default
2020-03-19 20:02:10,778 INFO org.springframework.data.repository.config.RepositoryConfigurationDelegate [main] Bootstrapping Spring Data JPA repositories in DEFAULT mode.
2020-03-19 20:02:11,047 INFO org.springframework.data.repository.config.RepositoryConfigurationDelegate [main] Finished Spring Data repository scanning in 247ms. Found 1 JPA repository interfaces.
2020-03-19 20:02:12,778 INFO org.springframework.context.support.PostProcessorRegistrationDelegate$BeanPostProcessorChecker [main] Bean 'org.springframework.transaction.annotation.ProxyTransactionManagementConfiguration' of type [org.springframework.transaction.annotation.ProxyTransactionManagementConfiguration] is not eligible for getting processed by all BeanPostProcessors (for example: not eligible for auto-proxying)
2020-03-19 20:02:14,332 INFO org.hibernate.jpa.internal.util.LogHelper [main] HHH000204: Processing PersistenceUnitInfo [name: default]
2020-03-19 20:02:14,620 INFO org.hibernate.Version [main] HHH000412: Hibernate Core {5.4.10.Final}
2020-03-19 20:02:15,212 INFO org.hibernate.annotations.common.reflection.java.JavaReflectionManager [main] HCANN000001: Hibernate Commons Annotations {5.1.0.Final}
2020-03-19 20:02:15,540 INFO com.zaxxer.hikari.HikariDataSource [main] HikariPool-1 - Starting...
2020-03-19 20:02:16,284 INFO com.zaxxer.hikari.HikariDataSource [main] HikariPool-1 - Start completed.
2020-03-19 20:02:16,430 INFO org.hibernate.dialect.Dialect [main] HHH000400: Using dialect: org.hibernate.dialect.H2Dialect
2020-03-19 20:02:18,446 INFO org.hibernate.engine.transaction.jta.platform.internal.JtaPlatformInitiator [main] HHH000490: Using JtaPlatform implementation: [org.hibernate.engine.transaction.jta.platform.internal.NoJtaPlatform]
2020-03-19 20:02:18,462 INFO org.springframework.orm.jpa.AbstractEntityManagerFactoryBean [main] Initialized JPA EntityManagerFactory for persistence unit 'default'
2020-03-19 20:02:21,185 WARN org.springframework.boot.autoconfigure.orm.jpa.JpaBaseConfiguration$JpaWebConfiguration [main] spring.jpa.open-in-view is enabled by default. Therefore, database queries may be performed during view rendering. Explicitly configure spring.jpa.open-in-view to disable this warning
2020-03-19 20:02:22,363 INFO springfox.documentation.spring.web.PropertySourcedRequestMappingHandlerMapping [main] Mapped URL path [/v2/api-docs] onto method [springfox.documentation.swagger2.web.Swagger2Controller#getDocumentation(String, HttpServletRequest)]
2020-03-19 20:02:24,319 INFO org.springframework.scheduling.concurrent.ExecutorConfigurationSupport [main] Initializing ExecutorService 'applicationTaskExecutor'
2020-03-19 20:02:25,487 INFO org.springframework.boot.autoconfigure.h2.H2ConsoleAutoConfiguration [main] H2 console available at '/home/d3z40/opt/h2'. Database available at 'jdbc:h2:file:/home/d3z40/opt/h2/data/pessoas'
2020-03-19 20:02:25,943 INFO springfox.documentation.spring.web.plugins.DocumentationPluginsBootstrapper [main] Context refreshed
2020-03-19 20:02:26,049 INFO springfox.documentation.spring.web.plugins.DocumentationPluginsBootstrapper [main] Found 1 custom documentation plugin(s)
2020-03-19 20:02:26,158 INFO springfox.documentation.spring.web.scanners.ApiListingReferenceScanner [main] Scanning for api listing references
2020-03-19 20:02:27,025 INFO org.springframework.boot.StartupInfoLogger [main] Started PessoaApplicationTests in 21.606 seconds (JVM running for 26.32)
2020-03-19 20:02:27,828 INFO org.springframework.scheduling.concurrent.ExecutorConfigurationSupport [SpringContextShutdownHook] Shutting down ExecutorService 'applicationTaskExecutor'
2020-03-19 20:02:27,837 INFO org.springframework.orm.jpa.AbstractEntityManagerFactoryBean [SpringContextShutdownHook] Closing JPA EntityManagerFactory for persistence unit 'default'
2020-03-19 20:02:27,848 INFO com.zaxxer.hikari.HikariDataSource [SpringContextShutdownHook] HikariPool-1 - Shutdown initiated...
2020-03-19 20:02:27,866 INFO com.zaxxer.hikari.HikariDataSource [SpringContextShutdownHook] HikariPool-1 - Shutdown completed.
2020-03-19 20:07:39,330 INFO com.d3z40.pessoa.PessoaApplication [main] Iniciando a API REST de cadastro de Pessoas
2020-03-19 20:07:39,697 INFO com.d3z40.pessoa.PessoaApplication [restartedMain] Iniciando a API REST de cadastro de Pessoas
2020-03-19 20:07:40,946 INFO org.springframework.boot.StartupInfoLogger [restartedMain] Starting PessoaApplication on d3z40-MundoLivre with PID 29175 (/home/d3z40/eclipse-workspace/Pessoa/target/classes started by d3z40 in /home/d3z40/eclipse-workspace/Pessoa)
2020-03-19 20:07:40,947 DEBUG org.springframework.boot.StartupInfoLogger [restartedMain] Running with Spring Boot v2.2.4.RELEASE, Spring v5.2.3.RELEASE
2020-03-19 20:07:40,948 INFO org.springframework.boot.SpringApplication [restartedMain] No active profile set, falling back to default profiles: default
2020-03-19 20:07:41,165 INFO org.springframework.boot.logging.DeferredLog [restartedMain] The Class-Path manifest attribute in /home/d3z40/.m2/repository/org/glassfish/jaxb/jaxb-runtime/2.3.2/jaxb-runtime-2.3.2.jar referenced one or more files that do not exist: file:/home/d3z40/.m2/repository/org/glassfish/jaxb/jaxb-runtime/2.3.2/jakarta.xml.bind-api-2.3.2.jar,file:/home/d3z40/.m2/repository/org/glassfish/jaxb/jaxb-runtime/2.3.2/txw2-2.3.2.jar,file:/home/d3z40/.m2/repository/org/glassfish/jaxb/jaxb-runtime/2.3.2/istack-commons-runtime-3.0.8.jar,file:/home/d3z40/.m2/repository/org/glassfish/jaxb/jaxb-runtime/2.3.2/stax-ex-1.8.1.jar,file:/home/d3z40/.m2/repository/org/glassfish/jaxb/jaxb-runtime/2.3.2/FastInfoset-1.2.16.jar,file:/home/d3z40/.m2/repository/org/glassfish/jaxb/jaxb-runtime/2.3.2/jakarta.activation-api-1.2.1.jar
2020-03-19 20:07:41,166 INFO org.springframework.boot.logging.DeferredLog [restartedMain] The Class-Path manifest attribute in /home/d3z40/.m2/repository/org/glassfish/hk2/hk2/2.6.1/hk2-2.6.1.jar referenced one or more files that do not exist: file:/home/d3z40/.m2/repository/org/glassfish/hk2/hk2/2.6.1/hk2-utils.jar,file:/home/d3z40/.m2/repository/org/glassfish/hk2/hk2/2.6.1/jakarta.annotation-api.jar,file:/home/d3z40/.m2/repository/org/glassfish/hk2/hk2/2.6.1/jakarta.inject.jar,file:/home/d3z40/.m2/repository/org/glassfish/hk2/hk2/2.6.1/hk2-api.jar,file:/home/d3z40/.m2/repository/org/glassfish/hk2/hk2/2.6.1/aopalliance-repackaged.jar,file:/home/d3z40/.m2/repository/org/glassfish/hk2/hk2/2.6.1/hk2-core.jar,file:/home/d3z40/.m2/repository/org/glassfish/hk2/hk2/2.6.1/hk2-locator.jar,file:/home/d3z40/.m2/repository/org/glassfish/hk2/hk2/2.6.1/javassist.jar,file:/home/d3z40/.m2/repository/org/glassfish/hk2/hk2/2.6.1/hk2-runlevel.jar,file:/home/d3z40/.m2/repository/org/glassfish/hk2/hk2/2.6.1/class-model.jar,file:/home/d3z40/.m2/repository/org/glassfish/hk2/hk2/2.6.1/asm.jar,file:/home/d3z40/.m2/repository/org/glassfish/hk2/hk2/2.6.1/asm-analysis.jar,file:/home/d3z40/.m2/repository/org/glassfish/hk2/hk2/2.6.1/asm-commons.jar,file:/home/d3z40/.m2/repository/org/glassfish/hk2/hk2/2.6.1/asm-tree.jar,file:/home/d3z40/.m2/repository/org/glassfish/hk2/hk2/2.6.1/asm-util.jar
2020-03-19 20:07:41,167 INFO org.springframework.boot.logging.DeferredLog [restartedMain] Devtools property defaults active! Set 'spring.devtools.add-properties' to 'false' to disable
2020-03-19 20:07:41,167 INFO org.springframework.boot.logging.DeferredLog [restartedMain] For additional web related logging consider setting the 'logging.level.web' property to 'DEBUG'
2020-03-19 20:07:42,831 INFO org.springframework.data.repository.config.RepositoryConfigurationDelegate [restartedMain] Bootstrapping Spring Data JPA repositories in DEFAULT mode.
2020-03-19 20:07:42,908 INFO org.springframework.data.repository.config.RepositoryConfigurationDelegate [restartedMain] Finished Spring Data repository scanning in 66ms. Found 1 JPA repository interfaces.
2020-03-19 20:07:43,346 INFO org.springframework.context.support.PostProcessorRegistrationDelegate$BeanPostProcessorChecker [restartedMain] Bean 'org.springframework.transaction.annotation.ProxyTransactionManagementConfiguration' of type [org.springframework.transaction.annotation.ProxyTransactionManagementConfiguration] is not eligible for getting processed by all BeanPostProcessors (for example: not eligible for auto-proxying)
2020-03-19 20:07:43,720 INFO org.springframework.boot.web.embedded.tomcat.TomcatWebServer [restartedMain] Tomcat initialized with port(s): 8080 (http)
2020-03-19 20:07:43,730 INFO org.apache.juli.logging.DirectJDKLog [restartedMain] Initializing ProtocolHandler ["http-nio-8080"]
2020-03-19 20:07:43,731 INFO org.apache.juli.logging.DirectJDKLog [restartedMain] Starting service [Tomcat]
2020-03-19 20:07:43,732 INFO org.apache.juli.logging.DirectJDKLog [restartedMain] Starting Servlet engine: [Apache Tomcat/9.0.30]
2020-03-19 20:07:43,885 INFO org.apache.juli.logging.DirectJDKLog [restartedMain] Initializing Spring embedded WebApplicationContext
2020-03-19 20:07:43,886 INFO org.springframework.boot.web.servlet.context.ServletWebServerApplicationContext [restartedMain] Root WebApplicationContext: initialization completed in 2718 ms
2020-03-19 20:07:43,952 INFO com.zaxxer.hikari.HikariDataSource [restartedMain] HikariPool-1 - Starting...
2020-03-19 20:07:44,194 INFO com.zaxxer.hikari.HikariDataSource [restartedMain] HikariPool-1 - Start completed.
2020-03-19 20:07:44,201 INFO org.springframework.boot.autoconfigure.h2.H2ConsoleAutoConfiguration [restartedMain] H2 console available at '/home/d3z40/opt/h2'. Database available at 'jdbc:h2:file:/home/d3z40/opt/h2/data/pessoas'
2020-03-19 20:07:44,331 INFO org.hibernate.jpa.internal.util.LogHelper [restartedMain] HHH000204: Processing PersistenceUnitInfo [name: default]
2020-03-19 20:07:44,390 INFO org.hibernate.Version [restartedMain] HHH000412: Hibernate Core {5.4.10.Final}
2020-03-19 20:07:44,496 INFO org.hibernate.annotations.common.reflection.java.JavaReflectionManager [restartedMain] HCANN000001: Hibernate Commons Annotations {5.1.0.Final}
2020-03-19 20:07:44,603 INFO org.hibernate.dialect.Dialect [restartedMain] HHH000400: Using dialect: org.hibernate.dialect.H2Dialect
2020-03-19 20:07:45,584 INFO org.hibernate.engine.transaction.jta.platform.internal.JtaPlatformInitiator [restartedMain] HHH000490: Using JtaPlatform implementation: [org.hibernate.engine.transaction.jta.platform.internal.NoJtaPlatform]
2020-03-19 20:07:45,594 INFO org.springframework.orm.jpa.AbstractEntityManagerFactoryBean [restartedMain] Initialized JPA EntityManagerFactory for persistence unit 'default'
2020-03-19 20:07:45,616 INFO org.springframework.boot.devtools.autoconfigure.OptionalLiveReloadServer [restartedMain] LiveReload server is running on port 35729
2020-03-19 20:07:46,159 WARN org.springframework.boot.autoconfigure.orm.jpa.JpaBaseConfiguration$JpaWebConfiguration [restartedMain] spring.jpa.open-in-view is enabled by default. Therefore, database queries may be performed during view rendering. Explicitly configure spring.jpa.open-in-view to disable this warning
2020-03-19 20:07:46,323 INFO springfox.documentation.spring.web.PropertySourcedRequestMappingHandlerMapping [restartedMain] Mapped URL path [/v2/api-docs] onto method [springfox.documentation.swagger2.web.Swagger2Controller#getDocumentation(String, HttpServletRequest)]
2020-03-19 20:07:46,482 INFO org.springframework.scheduling.concurrent.ExecutorConfigurationSupport [restartedMain] Initializing ExecutorService 'applicationTaskExecutor'
2020-03-19 20:07:46,676 INFO springfox.documentation.spring.web.plugins.DocumentationPluginsBootstrapper [restartedMain] Context refreshed
2020-03-19 20:07:46,703 INFO springfox.documentation.spring.web.plugins.DocumentationPluginsBootstrapper [restartedMain] Found 1 custom documentation plugin(s)
2020-03-19 20:07:46,761 INFO springfox.documentation.spring.web.scanners.ApiListingReferenceScanner [restartedMain] Scanning for api listing references
2020-03-19 20:07:47,046 INFO org.apache.juli.logging.DirectJDKLog [restartedMain] Starting ProtocolHandler ["http-nio-8080"]
2020-03-19 20:07:47,069 INFO org.springframework.boot.web.embedded.tomcat.TomcatWebServer [restartedMain] Tomcat started on port(s): 8080 (http) with context path ''
2020-03-19 20:07:47,075 INFO org.springframework.boot.StartupInfoLogger [restartedMain] Started PessoaApplication in 7.342 seconds (JVM running for 8.759)
2020-03-19 20:07:47,078 INFO com.d3z40.pessoa.PessoaApplication [restartedMain] Finalizando a API REST de cadastro de Pessoas
2020-03-19 20:08:26,463 INFO org.apache.juli.logging.DirectJDKLog [http-nio-8080-exec-1] Initializing Spring DispatcherServlet 'dispatcherServlet'
2020-03-19 20:08:26,463 INFO org.springframework.web.servlet.FrameworkServlet [http-nio-8080-exec-1] Initializing Servlet 'dispatcherServlet'
2020-03-19 20:08:26,474 INFO org.springframework.web.servlet.FrameworkServlet [http-nio-8080-exec-1] Completed initialization in 11 ms
2020-03-19 20:08:26,503 INFO com.d3z40.pessoa.controllers.PessoaController [http-nio-8080-exec-1] Retornando todas as pessoas
2020-03-19 20:08:32,497 INFO com.d3z40.pessoa.controllers.PessoaController [http-nio-8080-exec-2] Retornando pessoa pelo id: 37
2020-03-19 20:08:44,979 INFO com.d3z40.pessoa.controllers.PessoaController [http-nio-8080-exec-3] Cadastrando uma pessoa Alexandre de Andrade Pereira
2020-03-19 20:08:45,047 INFO com.d3z40.pessoa.controllers.PessoaController [http-nio-8080-exec-4] Retornando todas as pessoas
2020-03-19 20:08:48,883 INFO com.d3z40.pessoa.controllers.PessoaController [http-nio-8080-exec-5] Retornando pessoa pelo id: 37
2020-03-19 20:08:52,363 INFO com.d3z40.pessoa.controllers.PessoaController [http-nio-8080-exec-6] Cadastrando uma pessoa Alexandre de Andrade Pereira
2020-03-19 20:08:52,375 INFO com.d3z40.pessoa.controllers.PessoaController [http-nio-8080-exec-7] Retornando todas as pessoas
2020-03-19 20:09:04,380 INFO com.d3z40.pessoa.controllers.PessoaController [http-nio-8080-exec-8] Retornando pessoa pelo id: 38
2020-03-19 20:09:27,779 INFO com.d3z40.pessoa.controllers.PessoaController [http-nio-8080-exec-9] Cadastrando uma pessoa Rafaela da Costa Pereira
2020-03-19 20:09:27,788 INFO com.d3z40.pessoa.controllers.PessoaController [http-nio-8080-exec-10] Retornando todas as pessoas
2020-03-19 20:09:47,464 INFO com.d3z40.pessoa.controllers.PessoaController [http-nio-8080-exec-1] Cadastrando uma pessoa Zé Fulano
2020-03-19 20:09:47,485 INFO com.d3z40.pessoa.controllers.PessoaController [http-nio-8080-exec-2] Retornando todas as pessoas
2020-03-19 20:09:51,492 INFO com.d3z40.pessoa.controllers.PessoaController [http-nio-8080-exec-3] Deletando pessoa pelo id: 40
2020-03-19 20:09:51,513 INFO com.d3z40.pessoa.controllers.PessoaController [http-nio-8080-exec-4] Retornando todas as pessoas
2020-03-19 20:09:59,529 INFO com.d3z40.pessoa.controllers.PessoaController [http-nio-8080-exec-5] Retornando todas as pessoas
